<?xml version="1.0" encoding="UTF-8"?>
<!-- Generated by org.testng.reporters.JUnitReportReporter -->
<testsuite hostname="LTIN445772" failures="0" tests="3" name="IrfanChoudhury.tests.PlcaeOrderTest" time="71.944" errors="0" timestamp="2024-08-08T01:08:48 IST" skipped="0">
  <testcase classname="IrfanChoudhury.tests.PlcaeOrderTest" name="submitOrder" time="22.688"/>
  <system-out/>
  <testcase classname="IrfanChoudhury.tests.PlcaeOrderTest" name="orderHistoryTest" time="27.650"/>
  <system-out/>
  <testcase classname="IrfanChoudhury.tests.PlcaeOrderTest" name="submitOrder" time="21.606"/>
  <system-out/>
</testsuite> <!-- IrfanChoudhury.tests.PlcaeOrderTest -->
