<?xml version="1.0" encoding="UTF-8"?>
<!-- Generated by org.testng.reporters.JUnitReportReporter -->
<testsuite hostname="LTIN445772" failures="0" tests="3" name="IrfanChoudhury.tests.PlcaeOrderTest" time="28.811" errors="0" timestamp="2024-08-11T22:01:40 IST" skipped="0">
  <testcase classname="IrfanChoudhury.tests.PlcaeOrderTest" name="submitOrder" time="9.973"/>
  <testcase classname="IrfanChoudhury.tests.PlcaeOrderTest" name="orderHistoryTest" time="8.050"/>
  <testcase classname="IrfanChoudhury.tests.PlcaeOrderTest" name="submitOrder" time="10.788"/>
</testsuite> <!-- IrfanChoudhury.tests.PlcaeOrderTest -->
